2024-08-14 12:20:06 INFO  Log:12 - =====================================verifyTitle TEST START=========================================
2024-08-14 12:20:06 INFO  Log:16 - =====================================verifyTitle TEST END=========================================
2024-08-14 12:20:11 INFO  Log:12 - =====================================verifyLogo TEST START=========================================
2024-08-14 12:20:11 INFO  Log:16 - =====================================verifyLogo TEST END=========================================
2024-08-14 12:20:43 INFO  Log:12 - =====================================verifyTitle TEST START=========================================
2024-08-14 12:20:43 INFO  Log:16 - =====================================verifyTitle TEST END=========================================
2024-08-14 12:20:47 INFO  Log:12 - =====================================verifyLogo TEST START=========================================
2024-08-14 12:20:47 INFO  Log:16 - =====================================verifyLogo TEST END=========================================
2024-08-16 12:33:45 INFO  Log:12 - =====================================loginTest TEST START=========================================
2024-08-16 12:33:45 INFO  Log:23 - user is going to click on SignIn
2024-08-16 12:33:54 INFO  Log:23 - Enter Username and Password
2024-08-16 12:33:55 INFO  Log:23 - Verifying if user is able to login
2024-08-16 12:33:55 INFO  Log:23 - Login is Sucess
2024-08-16 12:33:55 INFO  Log:16 - =====================================loginTest TEST END=========================================
2024-08-16 12:34:03 INFO  Log:12 - =====================================loginTest TEST START=========================================
2024-08-16 12:34:03 INFO  Log:23 - user is going to click on SignIn
2024-08-16 12:34:10 INFO  Log:23 - Enter Username and Password
2024-08-16 12:34:11 INFO  Log:23 - Verifying if user is able to login
2024-08-16 12:42:56 INFO  Log:12 - =====================================wishListTest TEST START=========================================
2024-08-16 12:43:05 INFO  Log:16 - =====================================wishListTest TEST END=========================================
2024-08-16 12:43:11 INFO  Log:12 - =====================================wishListTest TEST START=========================================
2024-08-16 12:54:09 INFO  Log:12 - =====================================productAvailabilityTest TEST START=========================================
2024-08-16 12:54:17 INFO  Log:16 - =====================================productAvailabilityTest TEST END=========================================
